\BOOKMARK [1][-]{section.1}{Introduction}{}% 1
\BOOKMARK [1][-]{section.2}{RELATED WORKS}{}% 2
\BOOKMARK [1][-]{section.3}{ALGORITHM DESIGN}{}% 3
\BOOKMARK [2][-]{subsection.3.1}{Notation}{section.3}% 4
\BOOKMARK [2][-]{subsection.3.2}{Disambiguation Metric}{section.3}% 5
\BOOKMARK [3][-]{subsubsection.3.2.1}{Separation in confidences}{subsection.3.2}% 6
\BOOKMARK [3][-]{subsubsection.3.2.2}{Maximum of confidences}{subsection.3.2}% 7
\BOOKMARK [3][-]{subsubsection.3.2.3}{Difference between largest confidences}{subsection.3.2}% 8
\BOOKMARK [3][-]{subsubsection.3.2.4}{Gradients}{subsection.3.2}% 9
\BOOKMARK [1][-]{section.4}{IMPLEMENTATION}{}% 10
\BOOKMARK [2][-]{subsection.4.1}{Confidence Function}{section.4}% 11
\BOOKMARK [2][-]{subsection.4.2}{Control Sharing Paradigm}{section.4}% 12
\BOOKMARK [1][-]{section.5}{SIMULATION STUDY}{}% 13
\BOOKMARK [1][-]{section.6}{PILOT STUDY}{}% 14
\BOOKMARK [2][-]{subsection.6.1}{Hardware}{section.6}% 15
\BOOKMARK [2][-]{subsection.6.2}{Assistance Paradigms}{section.6}% 16
\BOOKMARK [2][-]{subsection.6.3}{Tasks, Metrics and Protocol}{section.6}% 17
\BOOKMARK [2][-]{subsection.6.4}{Pilot Study Results}{section.6}% 18
\BOOKMARK [2][-]{subsection.6.5}{Future Work}{section.6}% 19
\BOOKMARK [1][-]{section.7}{CONCLUSIONS}{}% 20
